<?xml version="1.0" encoding="UTF-8"?>
<testsuite xmlns:xsi="http://www.w3.org/2001/XMLSchema-instance" xsi:noNamespaceSchemaLocation="https://maven.apache.org/surefire/maven-surefire-plugin/xsd/surefire-test-report.xsd" name="com.loxon.javachallenge.memory.MemoryRules" time="0.047" tests="13" errors="0" skipped="0" failures="13">
  <properties>
[...]
</properties>
  <testcase name="testAllocate" classname="com.loxon.javachallenge.memory.MemoryRules" time="0.009">
    <failure message="Game implementation is required." type="java.lang.AssertionError">java.lang.AssertionError: Game implementation is required.
	at com.loxon.javachallenge.memory.MemoryRules.beforeEachTest(MemoryRules.java:103)
</failure>
  </testcase>
  <testcase name="testFree" classname="com.loxon.javachallenge.memory.MemoryRules" time="0">
    <failure message="Game implementation is required." type="java.lang.AssertionError">java.lang.AssertionError: Game implementation is required.
	at com.loxon.javachallenge.memory.MemoryRules.beforeEachTest(MemoryRules.java:103)
</failure>
  </testcase>
  <testcase name="testHack" classname="com.loxon.javachallenge.memory.MemoryRules" time="0.001">
    <failure message="Game implementation is required." type="java.lang.AssertionError">java.lang.AssertionError: Game implementation is required.
	at com.loxon.javachallenge.memory.MemoryRules.beforeEachTest(MemoryRules.java:103)
</failure>
  </testcase>
  <testcase name="testScan" classname="com.loxon.javachallenge.memory.MemoryRules" time="0">
    <failure message="Game implementation is required." type="java.lang.AssertionError">java.lang.AssertionError: Game implementation is required.
	at com.loxon.javachallenge.memory.MemoryRules.beforeEachTest(MemoryRules.java:103)
</failure>
  </testcase>
  <testcase name="testSwap" classname="com.loxon.javachallenge.memory.MemoryRules" time="0.001">
    <failure message="Game implementation is required." type="java.lang.AssertionError">java.lang.AssertionError: Game implementation is required.
	at com.loxon.javachallenge.memory.MemoryRules.beforeEachTest(MemoryRules.java:103)
</failure>
  </testcase>
  <testcase name="testFortify" classname="com.loxon.javachallenge.memory.MemoryRules" time="0">
    <failure message="Game implementation is required." type="java.lang.AssertionError">java.lang.AssertionError: Game implementation is required.
	at com.loxon.javachallenge.memory.MemoryRules.beforeEachTest(MemoryRules.java:103)
</failure>
  </testcase>
  <testcase name="testSwapInvalid" classname="com.loxon.javachallenge.memory.MemoryRules" time="0">
    <failure message="Game implementation is required." type="java.lang.AssertionError">java.lang.AssertionError: Game implementation is required.
	at com.loxon.javachallenge.memory.MemoryRules.beforeEachTest(MemoryRules.java:103)
</failure>
  </testcase>
  <testcase name="testScanInvalid" classname="com.loxon.javachallenge.memory.MemoryRules" time="0.001">
    <failure message="Game implementation is required." type="java.lang.AssertionError">java.lang.AssertionError: Game implementation is required.
	at com.loxon.javachallenge.memory.MemoryRules.beforeEachTest(MemoryRules.java:103)
</failure>
  </testcase>
  <testcase name="testStatsAndScores" classname="com.loxon.javachallenge.memory.MemoryRules" time="0">
    <failure message="Game implementation is required." type="java.lang.AssertionError">java.lang.AssertionError: Game implementation is required.
	at com.loxon.javachallenge.memory.MemoryRules.beforeEachTest(MemoryRules.java:103)
</failure>
  </testcase>
  <testcase name="testRecover" classname="com.loxon.javachallenge.memory.MemoryRules" time="0">
    <failure message="Game implementation is required." type="java.lang.AssertionError">java.lang.AssertionError: Game implementation is required.
	at com.loxon.javachallenge.memory.MemoryRules.beforeEachTest(MemoryRules.java:103)
</failure>
  </testcase>
  <testcase name="testAllocateCorrupt" classname="com.loxon.javachallenge.memory.MemoryRules" time="0">
    <failure message="Game implementation is required." type="java.lang.AssertionError">java.lang.AssertionError: Game implementation is required.
	at com.loxon.javachallenge.memory.MemoryRules.beforeEachTest(MemoryRules.java:103)
</failure>
  </testcase>
  <testcase name="testFreeInvalid" classname="com.loxon.javachallenge.memory.MemoryRules" time="0">
    <failure message="Game implementation is required." type="java.lang.AssertionError">java.lang.AssertionError: Game implementation is required.
	at com.loxon.javachallenge.memory.MemoryRules.beforeEachTest(MemoryRules.java:103)
</failure>
  </testcase>
  <testcase name="testAllocateInvalid" classname="com.loxon.javachallenge.memory.MemoryRules" time="0">
    <failure message="Game implementation is required." type="java.lang.AssertionError">java.lang.AssertionError: Game implementation is required.
	at com.loxon.javachallenge.memory.MemoryRules.beforeEachTest(MemoryRules.java:103)
</failure>
  </testcase>
</testsuite>